c:\users\huyta\disablescreenshot\gui\x64\debug\vc143.pdb
c:\users\huyta\disablescreenshot\gui\x64\debug\vc143.idb
c:\users\huyta\disablescreenshot\gui\x64\debug\gui.obj
c:\users\huyta\disablescreenshot\gui\x64\debug\disablescreenshot64.ilk
c:\users\huyta\disablescreenshot\x64\debug\disablescreenshot64.exe
c:\users\huyta\disablescreenshot\x64\debug\disablescreenshot64.pdb
c:\users\huyta\disablescreenshot\gui\x64\debug\gui.res
c:\users\huyta\disablescreenshot\gui\x64\debug\disablescreenshot64.exe.embed.manifest.res
c:\users\huyta\disablescreenshot\gui\x64\debug\disablescreenshot64.exe.embed.manifest
c:\users\huyta\disablescreenshot\gui\x64\debug\disablescreenshot64_manifest.rc
c:\users\huyta\disablescreenshot\gui\x64\debug\gui.tlog\cl.command.1.tlog
c:\users\huyta\disablescreenshot\gui\x64\debug\gui.tlog\cl.items.tlog
c:\users\huyta\disablescreenshot\gui\x64\debug\gui.tlog\cl.read.1.tlog
c:\users\huyta\disablescreenshot\gui\x64\debug\gui.tlog\cl.write.1.tlog
c:\users\huyta\disablescreenshot\gui\x64\debug\gui.tlog\link.command.1.tlog
c:\users\huyta\disablescreenshot\gui\x64\debug\gui.tlog\link.read.1.tlog
c:\users\huyta\disablescreenshot\gui\x64\debug\gui.tlog\link.write.1.tlog
c:\users\huyta\disablescreenshot\gui\x64\debug\gui.tlog\rc.command.1.tlog
c:\users\huyta\disablescreenshot\gui\x64\debug\gui.tlog\rc.read.1.tlog
c:\users\huyta\disablescreenshot\gui\x64\debug\gui.tlog\rc.write.1.tlog
